<?xml version="1.0" encoding="UTF-8"?>
<coverage generated="1743697525904" clover="3.2.0">
  <project timestamp="1743697525904" name="All files">
    <metrics statements="66" coveredstatements="46" conditionals="24" coveredconditionals="12" methods="7" coveredmethods="4" elements="97" coveredelements="62" complexity="0" loc="66" ncloc="66" packages="1" files="1" classes="1"/>
    <file name="server.js" path="C:\Users\lohit\Desktop\Test\server.js">
      <metrics statements="66" coveredstatements="46" conditionals="24" coveredconditionals="12" methods="7" coveredmethods="4"/>
      <line num="1" count="1" type="stmt"/>
      <line num="3" count="1" type="stmt"/>
      <line num="4" count="1" type="stmt"/>
      <line num="5" count="1" type="stmt"/>
      <line num="7" count="1" type="stmt"/>
      <line num="8" count="1" type="cond" truecount="1" falsecount="1"/>
      <line num="9" count="1" type="stmt"/>
      <line num="11" count="1" type="stmt"/>
      <line num="14" count="1" type="stmt"/>
      <line num="15" count="1" type="stmt"/>
      <line num="16" count="1" type="stmt"/>
      <line num="20" count="1" type="stmt"/>
      <line num="21" count="1" type="stmt"/>
      <line num="24" count="0" type="stmt"/>
      <line num="25" count="0" type="cond" truecount="0" falsecount="2"/>
      <line num="26" count="0" type="stmt"/>
      <line num="28" count="1" type="stmt"/>
      <line num="29" count="1" type="stmt"/>
      <line num="34" count="1" type="stmt"/>
      <line num="35" count="1" type="stmt"/>
      <line num="39" count="1" type="stmt"/>
      <line num="41" count="1" type="stmt"/>
      <line num="42" count="1" type="stmt"/>
      <line num="43" count="1" type="stmt"/>
      <line num="45" count="1" type="stmt"/>
      <line num="73" count="0" type="stmt"/>
      <line num="75" count="1" type="stmt"/>
      <line num="76" count="1" type="stmt"/>
      <line num="81" count="1" type="stmt"/>
      <line num="82" count="3" type="stmt"/>
      <line num="84" count="3" type="stmt"/>
      <line num="86" count="3" type="cond" truecount="1" falsecount="1"/>
      <line num="87" count="0" type="stmt"/>
      <line num="90" count="3" type="cond" truecount="2" falsecount="0"/>
      <line num="91" count="1" type="stmt"/>
      <line num="92" count="1" type="stmt"/>
      <line num="93" count="1" type="stmt"/>
      <line num="96" count="1" type="cond" truecount="5" falsecount="1"/>
      <line num="97" count="0" type="stmt"/>
      <line num="101" count="1" type="stmt"/>
      <line num="102" count="1" type="stmt"/>
      <line num="104" count="1" type="stmt"/>
      <line num="106" count="1" type="stmt"/>
      <line num="123" count="0" type="stmt"/>
      <line num="125" count="1" type="stmt"/>
      <line num="126" count="1" type="stmt"/>
      <line num="129" count="2" type="cond" truecount="1" falsecount="1"/>
      <line num="130" count="2" type="stmt"/>
      <line num="131" count="2" type="stmt"/>
      <line num="134" count="2" type="cond" truecount="1" falsecount="1"/>
      <line num="135" count="2" type="stmt"/>
      <line num="138" count="0" type="stmt"/>
      <line num="140" count="0" type="cond" truecount="0" falsecount="2"/>
      <line num="147" count="0" type="cond" truecount="0" falsecount="2"/>
      <line num="149" count="0" type="stmt"/>
      <line num="150" count="0" type="stmt"/>
      <line num="155" count="0" type="stmt"/>
      <line num="163" count="0" type="stmt"/>
      <line num="178" count="0" type="stmt"/>
      <line num="179" count="0" type="stmt"/>
      <line num="182" count="0" type="stmt"/>
      <line num="183" count="0" type="stmt"/>
      <line num="263" count="1" type="stmt"/>
      <line num="266" count="1" type="cond" truecount="1" falsecount="1"/>
      <line num="267" count="0" type="stmt"/>
      <line num="268" count="0" type="stmt"/>
    </file>
  </project>
</coverage>
