{"C:\\Users\\lohit\\Desktop\\Test\\server.js": {"path":"C:\\Users\\lohit\\Desktop\\Test\\server.js","statementMap":{"0":{"start":{"line":1,"column":0},"end":{"line":1,"column":49}},"1":{"start":{"line":3,"column":16},"end":{"line":3,"column":34}},"2":{"start":{"line":4,"column":22},"end":{"line":4,"column":47}},"3":{"start":{"line":5,"column":19},"end":{"line":5,"column":41}},"4":{"start":{"line":7,"column":12},"end":{"line":7,"column":21}},"5":{"start":{"line":8,"column":13},"end":{"line":8,"column":37}},"6":{"start":{"line":9,"column":20},"end":{"line":9,"column":62}},"7":{"start":{"line":11,"column":24},"end":{"line":11,"column":26}},"8":{"start":{"line":14,"column":0},"end":{"line":14,"column":24}},"9":{"start":{"line":15,"column":0},"end":{"line":15,"column":51}},"10":{"start":{"line":16,"column":0},"end":{"line":16,"column":27}},"11":{"start":{"line":20,"column":4},"end":{"line":30,"column":5}},"12":{"start":{"line":21,"column":25},"end":{"line":21,"column":55}},"13":{"start":{"line":24,"column":8},"end":{"line":26,"column":94}},"14":{"start":{"line":25,"column":28},"end":{"line":25,"column":57}},"15":{"start":{"line":26,"column":26},"end":{"line":26,"column":91}},"16":{"start":{"line":28,"column":8},"end":{"line":28,"column":54}},"17":{"start":{"line":29,"column":8},"end":{"line":29,"column":18}},"18":{"start":{"line":34,"column":0},"end":{"line":36,"column":3}},"19":{"start":{"line":35,"column":4},"end":{"line":35,"column":39}},"20":{"start":{"line":39,"column":0},"end":{"line":78,"column":3}},"21":{"start":{"line":41,"column":4},"end":{"line":77,"column":5}},"22":{"start":{"line":42,"column":27},"end":{"line":42,"column":46}},"23":{"start":{"line":43,"column":22},"end":{"line":43,"column":43}},"24":{"start":{"line":45,"column":8},"end":{"line":71,"column":11}},"25":{"start":{"line":73,"column":8},"end":{"line":73,"column":28}},"26":{"start":{"line":75,"column":8},"end":{"line":75,"column":53}},"27":{"start":{"line":76,"column":8},"end":{"line":76,"column":59}},"28":{"start":{"line":81,"column":0},"end":{"line":185,"column":3}},"29":{"start":{"line":82,"column":4},"end":{"line":184,"column":5}},"30":{"start":{"line":84,"column":24},"end":{"line":84,"column":52}},"31":{"start":{"line":86,"column":8},"end":{"line":88,"column":9}},"32":{"start":{"line":87,"column":12},"end":{"line":87,"column":59}},"33":{"start":{"line":90,"column":8},"end":{"line":180,"column":9}},"34":{"start":{"line":91,"column":29},"end":{"line":91,"column":101}},"35":{"start":{"line":92,"column":33},"end":{"line":92,"column":85}},"36":{"start":{"line":93,"column":30},"end":{"line":93,"column":45}},"37":{"start":{"line":96,"column":12},"end":{"line":98,"column":13}},"38":{"start":{"line":97,"column":16},"end":{"line":97,"column":100}},"39":{"start":{"line":101,"column":30},"end":{"line":101,"column":53}},"40":{"start":{"line":102,"column":12},"end":{"line":102,"column":69}},"41":{"start":{"line":104,"column":12},"end":{"line":127,"column":13}},"42":{"start":{"line":106,"column":16},"end":{"line":121,"column":19}},"43":{"start":{"line":123,"column":16},"end":{"line":123,"column":74}},"44":{"start":{"line":125,"column":16},"end":{"line":125,"column":75}},"45":{"start":{"line":126,"column":16},"end":{"line":126,"column":81}},"46":{"start":{"line":129,"column":15},"end":{"line":180,"column":9}},"47":{"start":{"line":130,"column":83},"end":{"line":130,"column":90}},"48":{"start":{"line":131,"column":27},"end":{"line":131,"column":51}},"49":{"start":{"line":134,"column":12},"end":{"line":136,"column":13}},"50":{"start":{"line":135,"column":16},"end":{"line":135,"column":87}},"51":{"start":{"line":138,"column":48},"end":{"line":138,"column":74}},"52":{"start":{"line":140,"column":31},"end":{"line":140,"column":116}},"53":{"start":{"line":147,"column":12},"end":{"line":157,"column":13}},"54":{"start":{"line":149,"column":16},"end":{"line":156,"column":17}},"55":{"start":{"line":150,"column":20},"end":{"line":153,"column":23}},"56":{"start":{"line":155,"column":20},"end":{"line":155,"column":81}},"57":{"start":{"line":163,"column":12},"end":{"line":176,"column":14}},"58":{"start":{"line":178,"column":12},"end":{"line":178,"column":46}},"59":{"start":{"line":179,"column":12},"end":{"line":179,"column":42}},"60":{"start":{"line":182,"column":8},"end":{"line":182,"column":62}},"61":{"start":{"line":183,"column":8},"end":{"line":183,"column":68}},"62":{"start":{"line":263,"column":0},"end":{"line":263,"column":21}},"63":{"start":{"line":266,"column":0},"end":{"line":270,"column":1}},"64":{"start":{"line":267,"column":4},"end":{"line":269,"column":7}},"65":{"start":{"line":268,"column":8},"end":{"line":268,"column":54}}},"fnMap":{"0":{"name":"getAdminUsers","decl":{"start":{"line":19,"column":15},"end":{"line":19,"column":28}},"loc":{"start":{"line":19,"column":31},"end":{"line":31,"column":1}},"line":19},"1":{"name":"(anonymous_1)","decl":{"start":{"line":25,"column":20},"end":{"line":25,"column":21}},"loc":{"start":{"line":25,"column":28},"end":{"line":25,"column":57}},"line":25},"2":{"name":"(anonymous_2)","decl":{"start":{"line":26,"column":17},"end":{"line":26,"column":18}},"loc":{"start":{"line":26,"column":26},"end":{"line":26,"column":91}},"line":26},"3":{"name":"(anonymous_3)","decl":{"start":{"line":34,"column":13},"end":{"line":34,"column":14}},"loc":{"start":{"line":34,"column":27},"end":{"line":36,"column":1}},"line":34},"4":{"name":"(anonymous_4)","decl":{"start":{"line":39,"column":27},"end":{"line":39,"column":28}},"loc":{"start":{"line":39,"column":47},"end":{"line":78,"column":1}},"line":39},"5":{"name":"(anonymous_5)","decl":{"start":{"line":81,"column":32},"end":{"line":81,"column":33}},"loc":{"start":{"line":81,"column":52},"end":{"line":185,"column":1}},"line":81},"6":{"name":"(anonymous_6)","decl":{"start":{"line":267,"column":21},"end":{"line":267,"column":22}},"loc":{"start":{"line":267,"column":27},"end":{"line":269,"column":5}},"line":267}},"branchMap":{"0":{"loc":{"start":{"line":8,"column":13},"end":{"line":8,"column":37}},"type":"binary-expr","locations":[{"start":{"line":8,"column":13},"end":{"line":8,"column":29}},{"start":{"line":8,"column":33},"end":{"line":8,"column":37}}],"line":8},"1":{"loc":{"start":{"line":25,"column":28},"end":{"line":25,"column":57}},"type":"binary-expr","locations":[{"start":{"line":25,"column":28},"end":{"line":25,"column":40}},{"start":{"line":25,"column":44},"end":{"line":25,"column":57}}],"line":25},"2":{"loc":{"start":{"line":86,"column":8},"end":{"line":88,"column":9}},"type":"if","locations":[{"start":{"line":86,"column":8},"end":{"line":88,"column":9}},{"start":{},"end":{}}],"line":86},"3":{"loc":{"start":{"line":90,"column":8},"end":{"line":180,"column":9}},"type":"if","locations":[{"start":{"line":90,"column":8},"end":{"line":180,"column":9}},{"start":{"line":129,"column":15},"end":{"line":180,"column":9}}],"line":90},"4":{"loc":{"start":{"line":96,"column":12},"end":{"line":98,"column":13}},"type":"if","locations":[{"start":{"line":96,"column":12},"end":{"line":98,"column":13}},{"start":{},"end":{}}],"line":96},"5":{"loc":{"start":{"line":96,"column":16},"end":{"line":96,"column":82}},"type":"binary-expr","locations":[{"start":{"line":96,"column":16},"end":{"line":96,"column":25}},{"start":{"line":96,"column":29},"end":{"line":96,"column":42}},{"start":{"line":96,"column":46},"end":{"line":96,"column":56}},{"start":{"line":96,"column":60},"end":{"line":96,"column":82}}],"line":96},"6":{"loc":{"start":{"line":129,"column":15},"end":{"line":180,"column":9}},"type":"if","locations":[{"start":{"line":129,"column":15},"end":{"line":180,"column":9}},{"start":{},"end":{}}],"line":129},"7":{"loc":{"start":{"line":134,"column":12},"end":{"line":136,"column":13}},"type":"if","locations":[{"start":{"line":134,"column":12},"end":{"line":136,"column":13}},{"start":{},"end":{}}],"line":134},"8":{"loc":{"start":{"line":140,"column":31},"end":{"line":140,"column":116}},"type":"cond-expr","locations":[{"start":{"line":140,"column":55},"end":{"line":140,"column":84}},{"start":{"line":140,"column":87},"end":{"line":140,"column":116}}],"line":140},"9":{"loc":{"start":{"line":147,"column":12},"end":{"line":157,"column":13}},"type":"if","locations":[{"start":{"line":147,"column":12},"end":{"line":157,"column":13}},{"start":{},"end":{}}],"line":147},"10":{"loc":{"start":{"line":266,"column":0},"end":{"line":270,"column":1}},"type":"if","locations":[{"start":{"line":266,"column":0},"end":{"line":270,"column":1}},{"start":{},"end":{}}],"line":266}},"s":{"0":1,"1":1,"2":1,"3":1,"4":1,"5":1,"6":1,"7":1,"8":1,"9":1,"10":1,"11":1,"12":1,"13":0,"14":0,"15":0,"16":1,"17":1,"18":1,"19":1,"20":1,"21":1,"22":1,"23":1,"24":1,"25":0,"26":1,"27":1,"28":1,"29":3,"30":3,"31":3,"32":0,"33":3,"34":1,"35":1,"36":1,"37":1,"38":0,"39":1,"40":1,"41":1,"42":1,"43":0,"44":1,"45":1,"46":2,"47":2,"48":2,"49":2,"50":2,"51":0,"52":0,"53":0,"54":0,"55":0,"56":0,"57":0,"58":0,"59":0,"60":0,"61":0,"62":1,"63":1,"64":0,"65":0},"f":{"0":1,"1":0,"2":0,"3":1,"4":1,"5":3,"6":0},"b":{"0":[1,0],"1":[0,0],"2":[0,3],"3":[1,2],"4":[0,1],"5":[1,1,1,1],"6":[2,0],"7":[2,0],"8":[0,0],"9":[0,0],"10":[0,1]},"_coverageSchema":"1a1c01bbd47fc00a2c39e90264f33305004495a9","hash":"88b60a41b0d9c34e563d484457e3c39b33f5c87d"}
}
