{"C:\\Users\\lohit\\Desktop\\Test\\server.js": {"path":"C:\\Users\\lohit\\Desktop\\Test\\server.js","statementMap":{"0":{"start":{"line":1,"column":0},"end":{"line":1,"column":49}},"1":{"start":{"line":3,"column":16},"end":{"line":3,"column":34}},"2":{"start":{"line":4,"column":22},"end":{"line":4,"column":47}},"3":{"start":{"line":5,"column":19},"end":{"line":5,"column":41}},"4":{"start":{"line":7,"column":12},"end":{"line":7,"column":21}},"5":{"start":{"line":8,"column":13},"end":{"line":8,"column":37}},"6":{"start":{"line":9,"column":20},"end":{"line":9,"column":62}},"7":{"start":{"line":11,"column":24},"end":{"line":11,"column":26}},"8":{"start":{"line":14,"column":0},"end":{"line":14,"column":24}},"9":{"start":{"line":15,"column":0},"end":{"line":15,"column":51}},"10":{"start":{"line":16,"column":0},"end":{"line":16,"column":27}},"11":{"start":{"line":20,"column":4},"end":{"line":30,"column":5}},"12":{"start":{"line":21,"column":25},"end":{"line":21,"column":55}},"13":{"start":{"line":24,"column":8},"end":{"line":26,"column":94}},"14":{"start":{"line":25,"column":28},"end":{"line":25,"column":57}},"15":{"start":{"line":26,"column":26},"end":{"line":26,"column":91}},"16":{"start":{"line":28,"column":8},"end":{"line":28,"column":54}},"17":{"start":{"line":29,"column":8},"end":{"line":29,"column":18}},"18":{"start":{"line":34,"column":0},"end":{"line":36,"column":3}},"19":{"start":{"line":35,"column":4},"end":{"line":35,"column":51}},"20":{"start":{"line":39,"column":0},"end":{"line":88,"column":3}},"21":{"start":{"line":41,"column":4},"end":{"line":87,"column":5}},"22":{"start":{"line":42,"column":27},"end":{"line":42,"column":46}},"23":{"start":{"line":43,"column":22},"end":{"line":43,"column":43}},"24":{"start":{"line":46,"column":8},"end":{"line":48,"column":9}},"25":{"start":{"line":47,"column":12},"end":{"line":47,"column":62}},"26":{"start":{"line":51,"column":8},"end":{"line":53,"column":9}},"27":{"start":{"line":52,"column":12},"end":{"line":52,"column":62}},"28":{"start":{"line":55,"column":8},"end":{"line":81,"column":11}},"29":{"start":{"line":83,"column":8},"end":{"line":83,"column":38}},"30":{"start":{"line":85,"column":8},"end":{"line":85,"column":53}},"31":{"start":{"line":86,"column":8},"end":{"line":86,"column":59}},"32":{"start":{"line":91,"column":0},"end":{"line":200,"column":3}},"33":{"start":{"line":92,"column":4},"end":{"line":199,"column":5}},"34":{"start":{"line":94,"column":24},"end":{"line":94,"column":61}},"35":{"start":{"line":97,"column":8},"end":{"line":99,"column":9}},"36":{"start":{"line":98,"column":12},"end":{"line":98,"column":59}},"37":{"start":{"line":101,"column":8},"end":{"line":195,"column":9}},"38":{"start":{"line":102,"column":29},"end":{"line":102,"column":101}},"39":{"start":{"line":103,"column":33},"end":{"line":103,"column":85}},"40":{"start":{"line":104,"column":30},"end":{"line":104,"column":45}},"41":{"start":{"line":107,"column":12},"end":{"line":109,"column":13}},"42":{"start":{"line":108,"column":16},"end":{"line":108,"column":100}},"43":{"start":{"line":112,"column":30},"end":{"line":112,"column":53}},"44":{"start":{"line":113,"column":12},"end":{"line":113,"column":69}},"45":{"start":{"line":115,"column":12},"end":{"line":138,"column":13}},"46":{"start":{"line":117,"column":16},"end":{"line":132,"column":19}},"47":{"start":{"line":134,"column":16},"end":{"line":134,"column":74}},"48":{"start":{"line":136,"column":16},"end":{"line":136,"column":75}},"49":{"start":{"line":137,"column":16},"end":{"line":137,"column":81}},"50":{"start":{"line":140,"column":15},"end":{"line":195,"column":9}},"51":{"start":{"line":141,"column":83},"end":{"line":141,"column":90}},"52":{"start":{"line":142,"column":27},"end":{"line":142,"column":51}},"53":{"start":{"line":144,"column":12},"end":{"line":146,"column":13}},"54":{"start":{"line":145,"column":16},"end":{"line":145,"column":76}},"55":{"start":{"line":149,"column":12},"end":{"line":151,"column":13}},"56":{"start":{"line":150,"column":16},"end":{"line":150,"column":87}},"57":{"start":{"line":153,"column":48},"end":{"line":153,"column":74}},"58":{"start":{"line":155,"column":31},"end":{"line":155,"column":116}},"59":{"start":{"line":162,"column":12},"end":{"line":194,"column":13}},"60":{"start":{"line":164,"column":16},"end":{"line":193,"column":17}},"61":{"start":{"line":165,"column":20},"end":{"line":168,"column":23}},"62":{"start":{"line":174,"column":20},"end":{"line":187,"column":22}},"63":{"start":{"line":189,"column":20},"end":{"line":189,"column":54}},"64":{"start":{"line":190,"column":20},"end":{"line":190,"column":50}},"65":{"start":{"line":192,"column":20},"end":{"line":192,"column":81}},"66":{"start":{"line":197,"column":8},"end":{"line":197,"column":62}},"67":{"start":{"line":198,"column":8},"end":{"line":198,"column":68}},"68":{"start":{"line":203,"column":0},"end":{"line":203,"column":57}},"69":{"start":{"line":206,"column":0},"end":{"line":210,"column":1}},"70":{"start":{"line":207,"column":4},"end":{"line":209,"column":7}},"71":{"start":{"line":208,"column":8},"end":{"line":208,"column":54}}},"fnMap":{"0":{"name":"getAdminUsers","decl":{"start":{"line":19,"column":15},"end":{"line":19,"column":28}},"loc":{"start":{"line":19,"column":31},"end":{"line":31,"column":1}},"line":19},"1":{"name":"(anonymous_1)","decl":{"start":{"line":25,"column":20},"end":{"line":25,"column":21}},"loc":{"start":{"line":25,"column":28},"end":{"line":25,"column":57}},"line":25},"2":{"name":"(anonymous_2)","decl":{"start":{"line":26,"column":17},"end":{"line":26,"column":18}},"loc":{"start":{"line":26,"column":26},"end":{"line":26,"column":91}},"line":26},"3":{"name":"(anonymous_3)","decl":{"start":{"line":34,"column":13},"end":{"line":34,"column":14}},"loc":{"start":{"line":34,"column":27},"end":{"line":36,"column":1}},"line":34},"4":{"name":"(anonymous_4)","decl":{"start":{"line":39,"column":27},"end":{"line":39,"column":28}},"loc":{"start":{"line":39,"column":47},"end":{"line":88,"column":1}},"line":39},"5":{"name":"(anonymous_5)","decl":{"start":{"line":91,"column":32},"end":{"line":91,"column":33}},"loc":{"start":{"line":91,"column":52},"end":{"line":200,"column":1}},"line":91},"6":{"name":"(anonymous_6)","decl":{"start":{"line":207,"column":21},"end":{"line":207,"column":22}},"loc":{"start":{"line":207,"column":27},"end":{"line":209,"column":5}},"line":207}},"branchMap":{"0":{"loc":{"start":{"line":8,"column":13},"end":{"line":8,"column":37}},"type":"binary-expr","locations":[{"start":{"line":8,"column":13},"end":{"line":8,"column":29}},{"start":{"line":8,"column":33},"end":{"line":8,"column":37}}],"line":8},"1":{"loc":{"start":{"line":25,"column":28},"end":{"line":25,"column":57}},"type":"binary-expr","locations":[{"start":{"line":25,"column":28},"end":{"line":25,"column":40}},{"start":{"line":25,"column":44},"end":{"line":25,"column":57}}],"line":25},"2":{"loc":{"start":{"line":46,"column":8},"end":{"line":48,"column":9}},"type":"if","locations":[{"start":{"line":46,"column":8},"end":{"line":48,"column":9}},{"start":{},"end":{}}],"line":46},"3":{"loc":{"start":{"line":51,"column":8},"end":{"line":53,"column":9}},"type":"if","locations":[{"start":{"line":51,"column":8},"end":{"line":53,"column":9}},{"start":{},"end":{}}],"line":51},"4":{"loc":{"start":{"line":51,"column":12},"end":{"line":51,"column":40}},"type":"binary-expr","locations":[{"start":{"line":51,"column":12},"end":{"line":51,"column":18}},{"start":{"line":51,"column":22},"end":{"line":51,"column":40}}],"line":51},"5":{"loc":{"start":{"line":94,"column":35},"end":{"line":94,"column":60}},"type":"binary-expr","locations":[{"start":{"line":94,"column":35},"end":{"line":94,"column":52}},{"start":{"line":94,"column":56},"end":{"line":94,"column":60}}],"line":94},"6":{"loc":{"start":{"line":97,"column":8},"end":{"line":99,"column":9}},"type":"if","locations":[{"start":{"line":97,"column":8},"end":{"line":99,"column":9}},{"start":{},"end":{}}],"line":97},"7":{"loc":{"start":{"line":101,"column":8},"end":{"line":195,"column":9}},"type":"if","locations":[{"start":{"line":101,"column":8},"end":{"line":195,"column":9}},{"start":{"line":140,"column":15},"end":{"line":195,"column":9}}],"line":101},"8":{"loc":{"start":{"line":107,"column":12},"end":{"line":109,"column":13}},"type":"if","locations":[{"start":{"line":107,"column":12},"end":{"line":109,"column":13}},{"start":{},"end":{}}],"line":107},"9":{"loc":{"start":{"line":107,"column":16},"end":{"line":107,"column":82}},"type":"binary-expr","locations":[{"start":{"line":107,"column":16},"end":{"line":107,"column":25}},{"start":{"line":107,"column":29},"end":{"line":107,"column":42}},{"start":{"line":107,"column":46},"end":{"line":107,"column":56}},{"start":{"line":107,"column":60},"end":{"line":107,"column":82}}],"line":107},"10":{"loc":{"start":{"line":140,"column":15},"end":{"line":195,"column":9}},"type":"if","locations":[{"start":{"line":140,"column":15},"end":{"line":195,"column":9}},{"start":{},"end":{}}],"line":140},"11":{"loc":{"start":{"line":144,"column":12},"end":{"line":146,"column":13}},"type":"if","locations":[{"start":{"line":144,"column":12},"end":{"line":146,"column":13}},{"start":{},"end":{}}],"line":144},"12":{"loc":{"start":{"line":144,"column":16},"end":{"line":144,"column":37}},"type":"binary-expr","locations":[{"start":{"line":144,"column":16},"end":{"line":144,"column":23}},{"start":{"line":144,"column":27},"end":{"line":144,"column":37}}],"line":144},"13":{"loc":{"start":{"line":149,"column":12},"end":{"line":151,"column":13}},"type":"if","locations":[{"start":{"line":149,"column":12},"end":{"line":151,"column":13}},{"start":{},"end":{}}],"line":149},"14":{"loc":{"start":{"line":155,"column":31},"end":{"line":155,"column":116}},"type":"cond-expr","locations":[{"start":{"line":155,"column":55},"end":{"line":155,"column":84}},{"start":{"line":155,"column":87},"end":{"line":155,"column":116}}],"line":155},"15":{"loc":{"start":{"line":162,"column":12},"end":{"line":194,"column":13}},"type":"if","locations":[{"start":{"line":162,"column":12},"end":{"line":194,"column":13}},{"start":{},"end":{}}],"line":162},"16":{"loc":{"start":{"line":206,"column":0},"end":{"line":210,"column":1}},"type":"if","locations":[{"start":{"line":206,"column":0},"end":{"line":210,"column":1}},{"start":{},"end":{}}],"line":206}},"s":{"0":1,"1":1,"2":1,"3":1,"4":1,"5":1,"6":1,"7":1,"8":1,"9":1,"10":1,"11":3,"12":3,"13":3,"14":6,"15":3,"16":0,"17":0,"18":1,"19":1,"20":1,"21":2,"22":2,"23":2,"24":2,"25":1,"26":1,"27":0,"28":1,"29":1,"30":0,"31":0,"32":1,"33":6,"34":6,"35":6,"36":0,"37":6,"38":3,"39":0,"40":0,"41":0,"42":0,"43":0,"44":0,"45":0,"46":0,"47":0,"48":0,"49":0,"50":3,"51":3,"52":3,"53":3,"54":3,"55":0,"56":0,"57":0,"58":0,"59":0,"60":0,"61":0,"62":0,"63":0,"64":0,"65":0,"66":3,"67":3,"68":1,"69":1,"70":0,"71":0},"f":{"0":3,"1":6,"2":3,"3":1,"4":2,"5":6,"6":0},"b":{"0":[1,0],"1":[6,6],"2":[1,1],"3":[0,1],"4":[1,1],"5":[6,0],"6":[0,6],"7":[3,3],"8":[0,0],"9":[0,0,0,0],"10":[3,0],"11":[3,0],"12":[3,3],"13":[0,0],"14":[0,0],"15":[0,0],"16":[0,1]},"_coverageSchema":"1a1c01bbd47fc00a2c39e90264f33305004495a9","hash":"8b2cfc5b720e7fe6b02fff81e5bd0bace79967cc"}
}
