TN:
SF:server.js
FN:19,getAdminUsers
FN:25,(anonymous_1)
FN:26,(anonymous_2)
FN:34,(anonymous_3)
FN:39,(anonymous_4)
FN:91,(anonymous_5)
FN:207,(anonymous_6)
FNF:7
FNH:6
FNDA:3,getAdminUsers
FNDA:6,(anonymous_1)
FNDA:3,(anonymous_2)
FNDA:1,(anonymous_3)
FNDA:2,(anonymous_4)
FNDA:6,(anonymous_5)
FNDA:0,(anonymous_6)
DA:1,1
DA:3,1
DA:4,1
DA:5,1
DA:7,1
DA:8,1
DA:9,1
DA:11,1
DA:14,1
DA:15,1
DA:16,1
DA:20,3
DA:21,3
DA:24,3
DA:25,6
DA:26,3
DA:28,0
DA:29,0
DA:34,1
DA:35,1
DA:39,1
DA:41,2
DA:42,2
DA:43,2
DA:46,2
DA:47,1
DA:51,1
DA:52,0
DA:55,1
DA:83,1
DA:85,0
DA:86,0
DA:91,1
DA:92,6
DA:94,6
DA:97,6
DA:98,0
DA:101,6
DA:102,3
DA:103,0
DA:104,0
DA:107,0
DA:108,0
DA:112,0
DA:113,0
DA:115,0
DA:117,0
DA:134,0
DA:136,0
DA:137,0
DA:140,3
DA:141,3
DA:142,3
DA:144,3
DA:145,3
DA:149,0
DA:150,0
DA:153,0
DA:155,0
DA:162,0
DA:164,0
DA:165,0
DA:174,0
DA:189,0
DA:190,0
DA:192,0
DA:197,3
DA:198,3
DA:203,1
DA:206,1
DA:207,0
DA:208,0
LF:72
LH:42
BRDA:8,0,0,1
BRDA:8,0,1,0
BRDA:25,1,0,6
BRDA:25,1,1,6
BRDA:46,2,0,1
BRDA:46,2,1,1
BRDA:51,3,0,0
BRDA:51,3,1,1
BRDA:51,4,0,1
BRDA:51,4,1,1
BRDA:94,5,0,6
BRDA:94,5,1,0
BRDA:97,6,0,0
BRDA:97,6,1,6
BRDA:101,7,0,3
BRDA:101,7,1,3
BRDA:107,8,0,0
BRDA:107,8,1,0
BRDA:107,9,0,0
BRDA:107,9,1,0
BRDA:107,9,2,0
BRDA:107,9,3,0
BRDA:140,10,0,3
BRDA:140,10,1,0
BRDA:144,11,0,3
BRDA:144,11,1,0
BRDA:144,12,0,3
BRDA:144,12,1,3
BRDA:149,13,0,0
BRDA:149,13,1,0
BRDA:155,14,0,0
BRDA:155,14,1,0
BRDA:162,15,0,0
BRDA:162,15,1,0
BRDA:206,16,0,0
BRDA:206,16,1,1
BRF:36
BRH:17
end_of_record
