TN:
SF:server.js
FN:19,getAdminUsers
FN:25,(anonymous_1)
FN:26,(anonymous_2)
FN:34,(anonymous_3)
FN:39,(anonymous_4)
FN:81,(anonymous_5)
FN:267,(anonymous_6)
FNF:7
FNH:4
FNDA:1,getAdminUsers
FNDA:0,(anonymous_1)
FNDA:0,(anonymous_2)
FNDA:1,(anonymous_3)
FNDA:1,(anonymous_4)
FNDA:3,(anonymous_5)
FNDA:0,(anonymous_6)
DA:1,1
DA:3,1
DA:4,1
DA:5,1
DA:7,1
DA:8,1
DA:9,1
DA:11,1
DA:14,1
DA:15,1
DA:16,1
DA:20,1
DA:21,1
DA:24,0
DA:25,0
DA:26,0
DA:28,1
DA:29,1
DA:34,1
DA:35,1
DA:39,1
DA:41,1
DA:42,1
DA:43,1
DA:45,1
DA:73,0
DA:75,1
DA:76,1
DA:81,1
DA:82,3
DA:84,3
DA:86,3
DA:87,0
DA:90,3
DA:91,1
DA:92,1
DA:93,1
DA:96,1
DA:97,0
DA:101,1
DA:102,1
DA:104,1
DA:106,1
DA:123,0
DA:125,1
DA:126,1
DA:129,2
DA:130,2
DA:131,2
DA:134,2
DA:135,2
DA:138,0
DA:140,0
DA:147,0
DA:149,0
DA:150,0
DA:155,0
DA:163,0
DA:178,0
DA:179,0
DA:182,0
DA:183,0
DA:263,1
DA:266,1
DA:267,0
DA:268,0
LF:66
LH:46
BRDA:8,0,0,1
BRDA:8,0,1,0
BRDA:25,1,0,0
BRDA:25,1,1,0
BRDA:86,2,0,0
BRDA:86,2,1,3
BRDA:90,3,0,1
BRDA:90,3,1,2
BRDA:96,4,0,0
BRDA:96,4,1,1
BRDA:96,5,0,1
BRDA:96,5,1,1
BRDA:96,5,2,1
BRDA:96,5,3,1
BRDA:129,6,0,2
BRDA:129,6,1,0
BRDA:134,7,0,2
BRDA:134,7,1,0
BRDA:140,8,0,0
BRDA:140,8,1,0
BRDA:147,9,0,0
BRDA:147,9,1,0
BRDA:266,10,0,0
BRDA:266,10,1,1
BRF:24
BRH:12
end_of_record
